[1/2] STEP 1/10: FROM alpine:3.20 AS builder
[1/2] STEP 2/10: SHELL ["/bin/sh", "-o", "pipefail", "-c"]
--> Using cache 066f96b09088070ab39e7fa087822fb61f09ca036051c98af750d7e9417b80a8
--> 066f96b09088
[1/2] STEP 3/10: ARG MAJOR_VERSION=7.0
--> Using cache 06cae16ec2324e6358c267cdeaba475b16d15273063c71a8891a986b5ebb6cb7
--> 06cae16ec232
[1/2] STEP 4/10: ARG ZBX_VERSION=${MAJOR_VERSION}.0
--> Using cache 23435cd2364a7478115e95482ac0e09833b109b86e8ca6b710309287055561a5
--> 23435cd2364a
[1/2] STEP 5/10: ARG ZBX_SOURCES=https://git.zabbix.com/scm/zbx/zabbix.git
--> Using cache 7c7b7cfb797f57cd3d3d8e2bac0d362304a401bd9a1cd561a6d8bc6b677a7c5d
--> 7c7b7cfb797f
[1/2] STEP 6/10: ENV ZBX_VERSION=${ZBX_VERSION} ZBX_SOURCES=${ZBX_SOURCES}
--> Using cache 437b02d843842f19399311f5b77d00a103d5c17cf0518d49a7b2dedc30f996b9
--> 437b02d84384
[1/2] STEP 7/10: WORKDIR /tmp/
--> Using cache 38b97dbd6f46ec81d2178b05899c9e3af3ce83fddd7f66087c9732576280dd6d
--> 38b97dbd6f46
[1/2] STEP 8/10: RUN set -eux;     apk add --no-cache --virtual build-dependencies             autoconf             automake             coreutils             pkgconf             git             g++             make             openjdk8 &&     git clone "${ZBX_SOURCES}" --branch "${ZBX_VERSION}" --depth 1 --single-branch "zabbix-${ZBX_VERSION}"
+ apk add --no-cache --virtual build-dependencies autoconf automake coreutils pkgconf git g++ make openjdk8
fetch https://dl-cdn.alpinelinux.org/alpine/v3.20/main/x86_64/APKINDEX.tar.gz
fetch https://dl-cdn.alpinelinux.org/alpine/v3.20/community/x86_64/APKINDEX.tar.gz
(1/89) Installing m4 (1.4.19-r3)
(2/89) Installing libbz2 (1.0.8-r6)
(3/89) Installing perl (5.38.5-r0)
(4/89) Installing autoconf (2.72-r0)
(5/89) Installing automake (1.16.5-r2)
(6/89) Installing coreutils-env (9.5-r2)
(7/89) Installing coreutils-fmt (9.5-r2)
(8/89) Installing coreutils-sha512sum (9.5-r2)
(9/89) Installing libacl (2.3.2-r0)
(10/89) Installing libattr (2.5.2-r0)
(11/89) Installing gmp (6.3.0-r1)
(12/89) Installing skalibs (2.14.1.1-r0)
(13/89) Installing utmps-libs (0.1.2.2-r1)
(14/89) Installing coreutils (9.5-r2)
(15/89) Installing pkgconf (2.2.0-r0)
(16/89) Installing ca-certificates (20250911-r0)
(17/89) Installing brotli-libs (1.1.0-r2)
(18/89) Installing c-ares (1.33.1-r0)
(19/89) Installing libunistring (1.2-r0)
(20/89) Installing libidn2 (2.3.7-r0)
(21/89) Installing nghttp2-libs (1.62.1-r0)
(22/89) Installing libpsl (0.21.5-r1)
(23/89) Installing zstd-libs (1.5.6-r0)
(24/89) Installing libcurl (8.14.1-r2)
(25/89) Installing libexpat (2.7.4-r0)
(26/89) Installing pcre2 (10.43-r0)
(27/89) Installing git (2.45.4-r0)
(28/89) Installing git-init-template (2.45.4-r0)
(29/89) Installing perl-error (0.17029-r2)
(30/89) Installing perl-git (2.45.4-r0)
(31/89) Installing git-perl (2.45.4-r0)
(32/89) Installing libgcc (13.2.1_git20240309-r1)
(33/89) Installing libstdc++ (13.2.1_git20240309-r1)
(34/89) Installing libstdc++-dev (13.2.1_git20240309-r1)
(35/89) Installing jansson (2.14-r4)
(36/89) Installing binutils (2.42-r1)
(37/89) Installing libgomp (13.2.1_git20240309-r1)
(38/89) Installing libatomic (13.2.1_git20240309-r1)
(39/89) Installing isl26 (0.26-r1)
(40/89) Installing mpfr4 (4.2.1-r0)
(41/89) Installing mpc1 (1.3.1-r1)
(42/89) Installing gcc (13.2.1_git20240309-r1)
(43/89) Installing musl-dev (1.2.5-r1)
(44/89) Installing g++ (13.2.1_git20240309-r1)
(45/89) Installing make (4.4.1-r2)
(46/89) Installing libpng (1.6.55-r0)
(47/89) Installing freetype (2.13.2-r0)
(48/89) Installing fontconfig (2.15.0-r1)
(49/89) Installing encodings (1.0.7-r1)
(50/89) Installing libfontenc (1.1.8-r0)
(51/89) Installing mkfontscale (1.2.2-r6)
(52/89) Installing font-dejavu (2.37-r5)
(53/89) Installing libxau (1.0.11-r4)
(54/89) Installing libmd (1.1.0-r0)
(55/89) Installing libbsd (0.12.2-r0)
(56/89) Installing libxdmcp (1.1.5-r1)
(57/89) Installing libxcb (1.16.1-r0)
(58/89) Installing libx11 (1.8.9-r1)
(59/89) Installing libxcomposite (0.4.6-r5)
(60/89) Installing libxext (1.3.6-r2)
(61/89) Installing libxi (1.8.1-r4)
(62/89) Installing libxrender (0.9.11-r5)
(63/89) Installing libxtst (1.2.4-r6)
(64/89) Installing alsa-lib (1.2.11-r0)
(65/89) Installing giflib (5.2.2-r0)
(66/89) Installing libjpeg-turbo (3.0.3-r0)
(67/89) Installing openjdk8-jre-lib (8.432.06-r0)
(68/89) Installing java-common (0.5-r0)
(69/89) Installing libffi (3.4.6-r0)
(70/89) Installing libtasn1 (4.21.0-r0)
(71/89) Installing p11-kit (0.25.3-r0)
(72/89) Installing p11-kit-trust (0.25.3-r0)
(73/89) Installing java-cacerts (1.0-r1)
(74/89) Installing nspr (4.35-r4)
(75/89) Installing sqlite-libs (3.45.3-r3)
(76/89) Installing nss (3.105-r0)
(77/89) Installing krb5-conf (1.0-r2)
(78/89) Installing libcom_err (1.47.0-r5)
(79/89) Installing keyutils-libs (1.6.3-r3)
(80/89) Installing libverto (0.3.2-r2)
(81/89) Installing krb5-libs (1.21.3-r0)
(82/89) Installing lcms2 (2.16-r0)
(83/89) Installing pcsc-lite-libs (2.2.3-r0)
(84/89) Installing liblksctp (1.0.19-r5)
(85/89) Installing openjdk8-jre-base (8.432.06-r0)
(86/89) Installing openjdk8-jre (8.432.06-r0)
(87/89) Installing openjdk8-jdk (8.432.06-r0)
(88/89) Installing openjdk8 (8.432.06-r0)
(89/89) Installing build-dependencies (20260315.060748)
Executing busybox-1.36.1-r31.trigger
Executing ca-certificates-20250911-r0.trigger
Executing fontconfig-2.15.0-r1.trigger
Executing mkfontscale-1.2.2-r6.trigger
Executing java-common-0.5-r0.trigger
OK: 384 MiB in 103 packages
+ git clone https://git.zabbix.com/scm/zbx/zabbix.git --branch 7.0.0 --depth 1 --single-branch zabbix-7.0.0
Cloning into 'zabbix-7.0.0'...
Note: switching to '49955f1fb5c9168a8a24b053f7ade6b3d903143c'.

You are in 'detached HEAD' state. You can look around, make experimental
changes and commit them, and you can discard any commits you make in this
state without impacting any branches by switching back to a branch.

If you want to create a new branch to retain commits you create, you may
do so (now or later) by using -c with the switch command. Example:

  git switch -c <new-branch-name>

Or undo this operation with:

  git switch -

Turn off this advice by setting config variable advice.detachedHead to false

time="2026-03-15T11:08:10+05:00" level=warning msg="SHELL is not supported for OCI image format, [/bin/sh -o pipefail -c] will be ignored. Must use `docker` format"
--> e1835255deb1
[1/2] STEP 9/10: WORKDIR /tmp/zabbix-${ZBX_VERSION}
time="2026-03-15T11:08:14+05:00" level=warning msg="SHELL is not supported for OCI image format, [/bin/sh -o pipefail -c] will be ignored. Must use `docker` format"
--> 1749ba3a8174
[1/2] STEP 10/10: RUN set -eux;     zabbix_revision=$(git rev-parse --short HEAD) &&     sed -i "s/{ZABBIX_REVISION}/${zabbix_revision}/g" include/version.h &&     sed -i "s/{ZABBIX_REVISION}/${zabbix_revision}/g" src/zabbix_java/src/com/zabbix/gateway/GeneralInformation.java &&     ./bootstrap.sh &&     ./configure             --datadir=/usr/lib             --libdir=/usr/lib/zabbix             --sysconfdir=/etc/zabbix             --prefix=/usr             --enable-java             --silent &&     make -j"$(nproc)" -s &&     mkdir -p /usr/sbin/zabbix_java/ &&     cp -r src/zabbix_java/bin /usr/sbin/zabbix_java/ &&     cp -r src/zabbix_java/lib /usr/sbin/zabbix_java/ &&     rm -rf /usr/sbin/zabbix_java/lib/*.xml
+ git rev-parse --short HEAD
+ zabbix_revision=49955f1
+ sed -i 's/{ZABBIX_REVISION}/49955f1/g' include/version.h
+ sed -i 's/{ZABBIX_REVISION}/49955f1/g' src/zabbix_java/src/com/zabbix/gateway/GeneralInformation.java
+ ./bootstrap.sh
configure.ac:37: installing './compile'
configure.ac:29: installing './config.guess'
configure.ac:29: installing './config.sub'
configure.ac:19: installing './install-sh'
configure.ac:19: installing './missing'
src/libs/zbxagentget/Makefile.am: installing './depcomp'
+ ./configure '--datadir=/usr/lib' '--libdir=/usr/lib/zabbix' '--sysconfdir=/etc/zabbix' '--prefix=/usr' --enable-java --silent


Configuration:

  Detected OS:           linux-musl
  Install path:          /usr
  Compilation arch:      linux

  Compiler:              cc
  Compiler flags:         -g -O2

  Library-specific flags:

  Enable server:         no

  Enable proxy:          no

  Enable agent:          no

  Enable agent 2:        no

  Enable web service:    no

  Enable Java gateway:   yes
  Java gateway details:
    Java compiler:         javac
    Java archiver:         jar

  LDAP support:          no
  IPv6 support:          no
  cmocka support:        no

  yaml support:          no

***********************************************************
*            Now run 'make install'                       *
*                                                         *
*            Thank you for using Zabbix!                  *
*              <https://www.zabbix.com>                   *
***********************************************************

+ nproc
+ make -j16 -s
Making all in include
Making all in src
Making all in zabbix_java
Making all in database
Making all in mysql
Making all in option-patches
Making all in oracle
Making all in option-patches
Making all in postgresql
Making all in option-patches
Making all in timescaledb
Making all in option-patches
Making all in with-compression
Making all in without-compression
Making all in sqlite3
Making all in man
Making all in misc
+ mkdir -p /usr/sbin/zabbix_java/
+ cp -r src/zabbix_java/bin /usr/sbin/zabbix_java/
+ cp -r src/zabbix_java/lib /usr/sbin/zabbix_java/
+ rm -rf /usr/sbin/zabbix_java/lib/logback-console.xml /usr/sbin/zabbix_java/lib/logback.xml
time="2026-03-15T11:08:30+05:00" level=warning msg="SHELL is not supported for OCI image format, [/bin/sh -o pipefail -c] will be ignored. Must use `docker` format"
--> 93f8688b480a
[2/2] STEP 1/21: FROM alpine:3.20
[2/2] STEP 2/21: SHELL ["/bin/sh", "-o", "pipefail", "-c"]
--> Using cache 066f96b09088070ab39e7fa087822fb61f09ca036051c98af750d7e9417b80a8
--> 066f96b09088
[2/2] STEP 3/21: LABEL org.opencontainers.image.title="Zabbix Java Gateway"       org.opencontainers.image.authors="Alexey Pustovalov <alexey.pustovalov@zabbix.com>"       org.opencontainers.image.vendor="Zabbix LLC"       org.opencontainers.image.url="https://zabbix.com/"       org.opencontainers.image.description="Zabbix Java Gateway performs native support for monitoring JMX applications"       org.opencontainers.image.licenses="GPL v2.0"
time="2026-03-15T11:08:32+05:00" level=warning msg="SHELL is not supported for OCI image format, [/bin/sh -o pipefail -c] will be ignored. Must use `docker` format"
--> 9e04e30cda86
[2/2] STEP 4/21: STOPSIGNAL SIGTERM
time="2026-03-15T11:08:32+05:00" level=warning msg="SHELL is not supported for OCI image format, [/bin/sh -o pipefail -c] will be ignored. Must use `docker` format"
--> 84d0f86a8787
[2/2] STEP 5/21: RUN set -eux;     addgroup -S -g 1995 zabbix &&     adduser -S             -D -G zabbix -G root             -u 1997             -h /var/lib/zabbix/         zabbix &&     mkdir -p /etc/zabbix/ &&     mkdir -p /usr/sbin/zabbix_java/ &&     mkdir -p /usr/sbin/zabbix_java/ext_lib/ &&     apk add --no-cache             bash             openjdk8-jre-base &&     rm -rf /var/cache/apk/*
+ addgroup -S -g 1995 zabbix
+ adduser -S -D -G zabbix -G root -u 1997 -h /var/lib/zabbix/ zabbix
+ mkdir -p /etc/zabbix/
+ mkdir -p /usr/sbin/zabbix_java/
+ mkdir -p /usr/sbin/zabbix_java/ext_lib/
+ apk add --no-cache bash openjdk8-jre-base
fetch https://dl-cdn.alpinelinux.org/alpine/v3.20/main/x86_64/APKINDEX.tar.gz
fetch https://dl-cdn.alpinelinux.org/alpine/v3.20/community/x86_64/APKINDEX.tar.gz
(1/27) Installing ncurses-terminfo-base (6.4_p20240420-r2)
(2/27) Installing libncursesw (6.4_p20240420-r2)
(3/27) Installing readline (8.2.10-r0)
(4/27) Installing bash (5.2.26-r0)
Executing bash-5.2.26-r0.post-install
(5/27) Installing openjdk8-jre-lib (8.432.06-r0)
(6/27) Installing java-common (0.5-r0)
(7/27) Installing libffi (3.4.6-r0)
(8/27) Installing libtasn1 (4.21.0-r0)
(9/27) Installing p11-kit (0.25.3-r0)
(10/27) Installing p11-kit-trust (0.25.3-r0)
(11/27) Installing ca-certificates (20250911-r0)
(12/27) Installing java-cacerts (1.0-r1)
(13/27) Installing nspr (4.35-r4)
(14/27) Installing sqlite-libs (3.45.3-r3)
(15/27) Installing nss (3.105-r0)
(16/27) Installing libjpeg-turbo (3.0.3-r0)
(17/27) Installing krb5-conf (1.0-r2)
(18/27) Installing libcom_err (1.47.0-r5)
(19/27) Installing keyutils-libs (1.6.3-r3)
(20/27) Installing libverto (0.3.2-r2)
(21/27) Installing krb5-libs (1.21.3-r0)
(22/27) Installing lcms2 (2.16-r0)
(23/27) Installing pcsc-lite-libs (2.2.3-r0)
(24/27) Installing liblksctp (1.0.19-r5)
(25/27) Installing libgcc (13.2.1_git20240309-r1)
(26/27) Installing libstdc++ (13.2.1_git20240309-r1)
(27/27) Installing openjdk8-jre-base (8.432.06-r0)
Executing busybox-1.36.1-r31.trigger
Executing java-common-0.5-r0.trigger
Executing ca-certificates-20250911-r0.trigger
OK: 86 MiB in 41 packages
+ rm -rf '/var/cache/apk/*'
time="2026-03-15T11:08:37+05:00" level=warning msg="SHELL is not supported for OCI image format, [/bin/sh -o pipefail -c] will be ignored. Must use `docker` format"
--> ec68b762d589
[2/2] STEP 6/21: ARG MAJOR_VERSION=7.0
time="2026-03-15T11:08:38+05:00" level=warning msg="SHELL is not supported for OCI image format, [/bin/sh -o pipefail -c] will be ignored. Must use `docker` format"
--> aa8c529931c3
[2/2] STEP 7/21: ARG ZBX_VERSION=${MAJOR_VERSION}.0
time="2026-03-15T11:08:38+05:00" level=warning msg="SHELL is not supported for OCI image format, [/bin/sh -o pipefail -c] will be ignored. Must use `docker` format"
--> b6c763091814
[2/2] STEP 8/21: ARG ZBX_SOURCES=https://git.zabbix.com/scm/zbx/zabbix.git
time="2026-03-15T11:08:38+05:00" level=warning msg="SHELL is not supported for OCI image format, [/bin/sh -o pipefail -c] will be ignored. Must use `docker` format"
--> 9ac1544d4529
[2/2] STEP 9/21: ENV TERM=xterm ZBX_VERSION=${ZBX_VERSION} ZBX_SOURCES=${ZBX_SOURCES}     PATH=${PATH}:/usr/lib/jvm/default-jvm/bin/ JAVA_HOME=/usr/lib/jvm/default-jvm
time="2026-03-15T11:08:38+05:00" level=warning msg="SHELL is not supported for OCI image format, [/bin/sh -o pipefail -c] will be ignored. Must use `docker` format"
--> f7bdff2d696e
[2/2] STEP 10/21: COPY ["conf/etc/", "/etc/"]
time="2026-03-15T11:08:38+05:00" level=warning msg="SHELL is not supported for OCI image format, [/bin/sh -o pipefail -c] will be ignored. Must use `docker` format"
--> 86e4e6ea23ec
[2/2] STEP 11/21: COPY --from=builder /usr/sbin/zabbix_java/ /usr/sbin/zabbix_java/
time="2026-03-15T11:08:39+05:00" level=warning msg="SHELL is not supported for OCI image format, [/bin/sh -o pipefail -c] will be ignored. Must use `docker` format"
--> a65ef85d67c5
[2/2] STEP 12/21: RUN set -eux;     chown --quiet -R zabbix:root /etc/zabbix/ /usr/sbin/zabbix_java/ &&     chgrp -R 0 /etc/zabbix/ /usr/sbin/zabbix_java/ &&     chmod -R g=u /etc/zabbix/ /usr/sbin/zabbix_java/
+ chown --quiet -R zabbix:root /etc/zabbix/ /usr/sbin/zabbix_java/
+ chgrp -R 0 /etc/zabbix/ /usr/sbin/zabbix_java/
+ chmod -R 'g=u' /etc/zabbix/ /usr/sbin/zabbix_java/
time="2026-03-15T11:08:39+05:00" level=warning msg="SHELL is not supported for OCI image format, [/bin/sh -o pipefail -c] will be ignored. Must use `docker` format"
--> 81eee35007ca
[2/2] STEP 13/21: HEALTHCHECK --interval=30s --timeout=10s --start-period=10s --retries=3     CMD /usr/sbin/zabbix_java_gateway -V || exit 1
time="2026-03-15T11:08:39+05:00" level=warning msg="SHELL is not supported for OCI image format, [/bin/sh -o pipefail -c] will be ignored. Must use `docker` format"
time="2026-03-15T11:08:39+05:00" level=warning msg="HEALTHCHECK is not supported for OCI image format and will be ignored. Must use `docker` format"
--> d7486fc91e80
[2/2] STEP 14/21: EXPOSE 10052/TCP
time="2026-03-15T11:08:40+05:00" level=warning msg="SHELL is not supported for OCI image format, [/bin/sh -o pipefail -c] will be ignored. Must use `docker` format"
time="2026-03-15T11:08:40+05:00" level=warning msg="HEALTHCHECK is not supported for OCI image format and will be ignored. Must use `docker` format"
--> 70fb830b8d67
[2/2] STEP 15/21: WORKDIR /var/lib/zabbix
time="2026-03-15T11:08:40+05:00" level=warning msg="SHELL is not supported for OCI image format, [/bin/sh -o pipefail -c] will be ignored. Must use `docker` format"
time="2026-03-15T11:08:40+05:00" level=warning msg="HEALTHCHECK is not supported for OCI image format and will be ignored. Must use `docker` format"
--> cf9a8b4304e8
[2/2] STEP 16/21: VOLUME ["/usr/sbin/zabbix_java/ext_lib"]
time="2026-03-15T11:08:40+05:00" level=warning msg="SHELL is not supported for OCI image format, [/bin/sh -o pipefail -c] will be ignored. Must use `docker` format"
time="2026-03-15T11:08:40+05:00" level=warning msg="HEALTHCHECK is not supported for OCI image format and will be ignored. Must use `docker` format"
--> 3df738b42949
[2/2] STEP 17/21: COPY ["conf/usr/sbin/zabbix_java_gateway", "/usr/sbin/"]
time="2026-03-15T11:08:40+05:00" level=warning msg="SHELL is not supported for OCI image format, [/bin/sh -o pipefail -c] will be ignored. Must use `docker` format"
time="2026-03-15T11:08:40+05:00" level=warning msg="HEALTHCHECK is not supported for OCI image format and will be ignored. Must use `docker` format"
--> 6dea03fcc190
[2/2] STEP 18/21: COPY ["docker-entrypoint.sh", "/usr/bin/"]
time="2026-03-15T11:08:40+05:00" level=warning msg="SHELL is not supported for OCI image format, [/bin/sh -o pipefail -c] will be ignored. Must use `docker` format"
time="2026-03-15T11:08:40+05:00" level=warning msg="HEALTHCHECK is not supported for OCI image format and will be ignored. Must use `docker` format"
--> 333c50a243de
[2/2] STEP 19/21: ENTRYPOINT ["docker-entrypoint.sh"]
time="2026-03-15T11:08:41+05:00" level=warning msg="SHELL is not supported for OCI image format, [/bin/sh -o pipefail -c] will be ignored. Must use `docker` format"
time="2026-03-15T11:08:41+05:00" level=warning msg="HEALTHCHECK is not supported for OCI image format and will be ignored. Must use `docker` format"
--> ab3bfa075d7a
[2/2] STEP 20/21: USER 1997
time="2026-03-15T11:08:41+05:00" level=warning msg="SHELL is not supported for OCI image format, [/bin/sh -o pipefail -c] will be ignored. Must use `docker` format"
time="2026-03-15T11:08:41+05:00" level=warning msg="HEALTHCHECK is not supported for OCI image format and will be ignored. Must use `docker` format"
--> 4216401c6807
[2/2] STEP 21/21: CMD ["/usr/sbin/zabbix_java_gateway"]
[2/2] COMMIT zabbix-java-gateway:latest
time="2026-03-15T11:08:41+05:00" level=warning msg="SHELL is not supported for OCI image format, [/bin/sh -o pipefail -c] will be ignored. Must use `docker` format"
time="2026-03-15T11:08:41+05:00" level=warning msg="HEALTHCHECK is not supported for OCI image format and will be ignored. Must use `docker` format"
--> 3cf6493d7ca9
Successfully tagged localhost/zabbix-java-gateway:latest
3cf6493d7ca939323bdbb643a9e9575d98189d2558e5b0289f74cde86fe43b8e
