[1/2] STEP 1/10: FROM alpine:3.20 AS builder
[1/2] STEP 2/10: SHELL ["/bin/sh", "-o", "pipefail", "-c"]
--> Using cache 066f96b09088070ab39e7fa087822fb61f09ca036051c98af750d7e9417b80a8
--> 066f96b09088
[1/2] STEP 3/10: ARG MAJOR_VERSION=7.0
--> Using cache 06cae16ec2324e6358c267cdeaba475b16d15273063c71a8891a986b5ebb6cb7
--> 06cae16ec232
[1/2] STEP 4/10: ARG ZBX_VERSION=${MAJOR_VERSION}.0
--> Using cache 23435cd2364a7478115e95482ac0e09833b109b86e8ca6b710309287055561a5
--> 23435cd2364a
[1/2] STEP 5/10: ARG ZBX_SOURCES=https://git.zabbix.com/scm/zbx/zabbix.git
--> Using cache 7c7b7cfb797f57cd3d3d8e2bac0d362304a401bd9a1cd561a6d8bc6b677a7c5d
--> 7c7b7cfb797f
[1/2] STEP 6/10: ENV ZBX_VERSION=${ZBX_VERSION} ZBX_SOURCES=${ZBX_SOURCES}
--> Using cache 437b02d843842f19399311f5b77d00a103d5c17cf0518d49a7b2dedc30f996b9
--> 437b02d84384
[1/2] STEP 7/10: WORKDIR /tmp/
--> Using cache 38b97dbd6f46ec81d2178b05899c9e3af3ce83fddd7f66087c9732576280dd6d
--> 38b97dbd6f46
[1/2] STEP 8/10: RUN set -eux;     apk add --no-cache --virtual build-dependencies             alpine-sdk             autoconf             automake             coreutils             curl-dev             krb5-dev             libevent-dev             libpq-dev             libssh2-dev             libtirpc-dev             libxml2-dev             musl-dev             net-snmp-dev             openipmi-dev             openldap-dev             openssl-dev             pcre2-dev             postgresql-dev             git             g++             make             unixodbc-dev &&     git clone "${ZBX_SOURCES}" --branch "${ZBX_VERSION}" --depth 1 --single-branch "zabbix-${ZBX_VERSION}"
+ apk add --no-cache --virtual build-dependencies alpine-sdk autoconf automake coreutils curl-dev krb5-dev libevent-dev libpq-dev libssh2-dev libtirpc-dev libxml2-dev musl-dev net-snmp-dev openipmi-dev openldap-dev openssl-dev pcre2-dev postgresql-dev git g++ make unixodbc-dev
fetch https://dl-cdn.alpinelinux.org/alpine/v3.20/main/x86_64/APKINDEX.tar.gz
fetch https://dl-cdn.alpinelinux.org/alpine/v3.20/community/x86_64/APKINDEX.tar.gz
(1/192) Installing libattr (2.5.2-r0)
(2/192) Installing attr (2.5.2-r0)
(3/192) Installing libcap2 (2.70-r0)
(4/192) Installing libcap-getcap (2.70-r0)
(5/192) Installing fakeroot (1.34-r0)
(6/192) Installing libgcc (13.2.1_git20240309-r1)
(7/192) Installing libstdc++ (13.2.1_git20240309-r1)
(8/192) Installing lzip (1.24.1-r0)
(9/192) Installing openssl (3.3.6-r0)
(10/192) Installing patch (2.7.6-r10)
(11/192) Installing pkgconf (2.2.0-r0)
(12/192) Installing libacl (2.3.2-r0)
(13/192) Installing tar (1.35-r2)
(14/192) Installing abuild (3.13.0-r3)
Executing abuild-3.13.0-r3.pre-install
(15/192) Installing abuild-sudo (3.13.0-r3)
(16/192) Installing jansson (2.14-r4)
(17/192) Installing zstd-libs (1.5.6-r0)
(18/192) Installing binutils (2.42-r1)
(19/192) Installing libmagic (5.45-r1)
(20/192) Installing file (5.45-r1)
(21/192) Installing libgomp (13.2.1_git20240309-r1)
(22/192) Installing libatomic (13.2.1_git20240309-r1)
(23/192) Installing gmp (6.3.0-r1)
(24/192) Installing isl26 (0.26-r1)
(25/192) Installing mpfr4 (4.2.1-r0)
(26/192) Installing mpc1 (1.3.1-r1)
(27/192) Installing gcc (13.2.1_git20240309-r1)
(28/192) Installing libstdc++-dev (13.2.1_git20240309-r1)
(29/192) Installing musl-dev (1.2.5-r1)
(30/192) Installing g++ (13.2.1_git20240309-r1)
(31/192) Installing make (4.4.1-r2)
(32/192) Installing fortify-headers (1.1-r3)
(33/192) Installing build-base (0.5-r3)
(34/192) Installing ca-certificates (20250911-r0)
(35/192) Installing brotli-libs (1.1.0-r2)
(36/192) Installing c-ares (1.33.1-r0)
(37/192) Installing libunistring (1.2-r0)
(38/192) Installing libidn2 (2.3.7-r0)
(39/192) Installing nghttp2-libs (1.62.1-r0)
(40/192) Installing libpsl (0.21.5-r1)
(41/192) Installing libcurl (8.14.1-r2)
(42/192) Installing libexpat (2.7.4-r0)
(43/192) Installing pcre2 (10.43-r0)
(44/192) Installing git (2.45.4-r0)
(45/192) Installing git-init-template (2.45.4-r0)
(46/192) Installing alpine-sdk (1.0-r1)
(47/192) Installing m4 (1.4.19-r3)
(48/192) Installing libbz2 (1.0.8-r6)
(49/192) Installing perl (5.38.5-r0)
(50/192) Installing perl-error (0.17029-r2)
(51/192) Installing perl-git (2.45.4-r0)
(52/192) Installing git-perl (2.45.4-r0)
(53/192) Installing autoconf (2.72-r0)
(54/192) Installing automake (1.16.5-r2)
(55/192) Installing coreutils-env (9.5-r2)
(56/192) Installing coreutils-fmt (9.5-r2)
(57/192) Installing coreutils-sha512sum (9.5-r2)
(58/192) Installing skalibs (2.14.1.1-r0)
(59/192) Installing utmps-libs (0.1.2.2-r1)
(60/192) Installing coreutils (9.5-r2)
(61/192) Installing brotli (1.1.0-r2)
(62/192) Installing brotli-dev (1.1.0-r2)
(63/192) Installing c-ares-dev (1.33.1-r0)
(64/192) Installing libidn2-dev (2.3.7-r0)
(65/192) Installing libpsl-utils (0.21.5-r1)
(66/192) Installing libpsl-dev (0.21.5-r1)
(67/192) Installing nghttp2-dev (1.62.1-r0)
(68/192) Installing openssl-dev (3.3.6-r0)
(69/192) Installing zlib-dev (1.3.1-r1)
(70/192) Installing zstd (1.5.6-r0)
(71/192) Installing zstd-dev (1.5.6-r0)
(72/192) Installing curl-dev (8.14.1-r2)
(73/192) Installing libeconf (0.6.3-r0)
(74/192) Installing libblkid (2.40.1-r1)
(75/192) Installing libuuid (2.40.1-r1)
(76/192) Installing libfdisk (2.40.1-r1)
(77/192) Installing libmount (2.40.1-r1)
(78/192) Installing libsmartcols (2.40.1-r1)
(79/192) Installing ncurses-terminfo-base (6.4_p20240420-r2)
(80/192) Installing libncursesw (6.4_p20240420-r2)
(81/192) Installing readline (8.2.10-r0)
(82/192) Installing sqlite (3.45.3-r3)
(83/192) Installing sqlite-libs (3.45.3-r3)
(84/192) Installing sqlite-dev (3.45.3-r3)
(85/192) Installing util-linux (2.40.1-r1)
(86/192) Installing dmesg (2.40.1-r1)
(87/192) Installing setarch (2.40.1-r1)
(88/192) Installing util-linux-misc (2.40.1-r1)
(89/192) Installing linux-pam (1.6.0-r0)
(90/192) Installing runuser (2.40.1-r1)
(91/192) Installing mount (2.40.1-r1)
(92/192) Installing losetup (2.40.1-r1)
(93/192) Installing hexdump (2.40.1-r1)
(94/192) Installing uuidgen (2.40.1-r1)
(95/192) Installing blkid (2.40.1-r1)
(96/192) Installing sfdisk (2.40.1-r1)
(97/192) Installing mcookie (2.40.1-r1)
(98/192) Installing agetty (2.40.1-r1)
(99/192) Installing wipefs (2.40.1-r1)
(100/192) Installing cfdisk (2.40.1-r1)
(101/192) Installing umount (2.40.1-r1)
(102/192) Installing flock (2.40.1-r1)
(103/192) Installing lsblk (2.40.1-r1)
(104/192) Installing libcap-ng (0.8.5-r0)
(105/192) Installing setpriv (2.40.1-r1)
(106/192) Installing logger (2.40.1-r1)
(107/192) Installing partx (2.40.1-r1)
(108/192) Installing fstrim (2.40.1-r1)
(109/192) Installing findmnt (2.40.1-r1)
(110/192) Installing util-linux-dev (2.40.1-r1)
(111/192) Installing gawk (5.3.0-r1)
(112/192) Installing libcom_err (1.47.0-r5)
(113/192) Installing e2fsprogs-libs (1.47.0-r5)
(114/192) Installing e2fsprogs-dev (1.47.0-r5)
(115/192) Installing libffi (3.4.6-r0)
(116/192) Installing libintl (0.22.5-r0)
(117/192) Installing glib (2.80.5-r0)
(118/192) Installing libverto (0.3.2-r2)
(119/192) Installing libverto-glib (0.3.2-r2)
(120/192) Installing libev (4.33-r1)
(121/192) Installing libverto-libev (0.3.2-r2)
(122/192) Installing libevent (2.1.12-r7)
(123/192) Installing libverto-libevent (0.3.2-r2)
(124/192) Installing libverto-dev (0.3.2-r2)
(125/192) Installing krb5-conf (1.0-r2)
(126/192) Installing keyutils-libs (1.6.3-r3)
(127/192) Installing krb5-libs (1.21.3-r0)
(128/192) Installing gdbm (1.23-r1)
(129/192) Installing libsasl (2.1.28-r6)
(130/192) Installing libldap (2.6.8-r0)
(131/192) Installing krb5-server-ldap (1.21.3-r0)
(132/192) Installing krb5-dev (1.21.3-r0)
(133/192) Installing xz-libs (5.6.2-r1)
(134/192) Installing mpdecimal (4.0.0-r0)
(135/192) Installing libpanelw (6.4_p20240420-r2)
(136/192) Installing python3 (3.12.12-r0)
(137/192) Installing python3-pycache-pyc0 (3.12.12-r0)
(138/192) Installing pyc (3.12.12-r0)
(139/192) Installing python3-pyc (3.12.12-r0)
(140/192) Installing libevent-dev (2.1.12-r7)
(141/192) Installing libpq (16.13-r0)
(142/192) Installing libpq-dev (16.13-r0)
(143/192) Installing libssh2 (1.11.0-r2)
(144/192) Installing libssh2-dev (1.11.0-r2)
(145/192) Installing bsd-compat-headers (0.7.2-r6)
(146/192) Installing libtirpc-conf (1.3.4-r0)
(147/192) Installing libtirpc-nokrb (1.3.4-r0)
(148/192) Installing libtirpc (1.3.4-r0)
(149/192) Installing libtirpc-dev (1.3.4-r0)
(150/192) Installing xz (5.6.2-r1)
(151/192) Installing xz-dev (5.6.2-r1)
(152/192) Installing libxml2 (2.12.10-r0)
(153/192) Installing libxml2-utils (2.12.10-r0)
(154/192) Installing libxml2-dev (2.12.10-r0)
(155/192) Installing net-snmp-libs (5.9.4-r0)
(156/192) Installing net-snmp-agent-libs (5.9.4-r0)
(157/192) Installing net-snmp-dev (5.9.4-r0)
(158/192) Installing openipmi-libs (2.0.35-r0)
(159/192) Installing popt (1.19-r3)
(160/192) Installing openipmi-lanserv (2.0.35-r0)
(161/192) Installing libformw (6.4_p20240420-r2)
(162/192) Installing libmenuw (6.4_p20240420-r2)
(163/192) Installing libncurses++ (6.4_p20240420-r2)
(164/192) Installing ncurses-dev (6.4_p20240420-r2)
(165/192) Installing openipmi-dev (2.0.35-r0)
(166/192) Installing cyrus-sasl-dev (2.1.28-r6)
(167/192) Installing libsodium (1.0.19-r1)
(168/192) Installing libsodium-dev (1.0.19-r1)
(169/192) Installing openldap-dev (2.6.8-r0)
(170/192) Installing libedit (20240517.3.1-r0)
(171/192) Installing libedit-dev (20240517.3.1-r0)
(172/192) Installing libpcre2-16 (10.43-r0)
(173/192) Installing libpcre2-32 (10.43-r0)
(174/192) Installing pcre2-dev (10.43-r0)
(175/192) Installing libecpg (16.13-r0)
(176/192) Installing libecpg-dev (16.13-r0)
(177/192) Installing clang16-headers (16.0.6-r5)
(178/192) Installing llvm16-libs (16.0.6-r9)
(179/192) Installing clang16-libs (16.0.6-r5)
(180/192) Installing llvm16-linker-tools (16.0.6-r9)
(181/192) Installing clang16 (16.0.6-r5)
(182/192) Installing icu-data-en (74.2-r1)
Executing icu-data-en-74.2-r1.post-install
*
* If you need ICU with non-English locales and legacy charset support, install
* package icu-data-full.
*
(183/192) Installing icu-libs (74.2-r1)
(184/192) Installing icu (74.2-r1)
(185/192) Installing icu-dev (74.2-r1)
(186/192) Installing llvm16 (16.0.6-r9)
(187/192) Installing lz4-libs (1.9.4-r5)
(188/192) Installing lz4-dev (1.9.4-r5)
(189/192) Installing postgresql16-dev (16.13-r0)
(190/192) Installing unixodbc (2.3.12-r0)
(191/192) Installing unixodbc-dev (2.3.12-r0)
(192/192) Installing build-dependencies (20260315.060844)
Executing busybox-1.36.1-r31.trigger
Executing ca-certificates-20250911-r0.trigger
Executing glib-2.80.5-r0.trigger
OK: 743 MiB in 206 packages
+ git clone https://git.zabbix.com/scm/zbx/zabbix.git --branch 7.0.0 --depth 1 --single-branch zabbix-7.0.0
Cloning into 'zabbix-7.0.0'...
Note: switching to '49955f1fb5c9168a8a24b053f7ade6b3d903143c'.

You are in 'detached HEAD' state. You can look around, make experimental
changes and commit them, and you can discard any commits you make in this
state without impacting any branches by switching back to a branch.

If you want to create a new branch to retain commits you create, you may
do so (now or later) by using -c with the switch command. Example:

  git switch -c <new-branch-name>

Or undo this operation with:

  git switch -

Turn off this advice by setting config variable advice.detachedHead to false

time="2026-03-15T11:09:42+05:00" level=warning msg="SHELL is not supported for OCI image format, [/bin/sh -o pipefail -c] will be ignored. Must use `docker` format"
--> e58dcc926c3e
[1/2] STEP 9/10: WORKDIR /tmp/zabbix-${ZBX_VERSION}
time="2026-03-15T11:09:48+05:00" level=warning msg="SHELL is not supported for OCI image format, [/bin/sh -o pipefail -c] will be ignored. Must use `docker` format"
--> fa7edb89696b
[1/2] STEP 10/10: RUN set -eux;     zabbix_revision=$(git rev-parse --short HEAD) &&     sed -i "s/{ZABBIX_REVISION}/${zabbix_revision}/g" include/version.h &&     ./bootstrap.sh &&     export CFLAGS="-fPIC -pie -Wl,-z,relro -Wl,-z,now" &&     ./configure             --datadir=/usr/lib             --libdir=/usr/lib/zabbix             --prefix=/usr             --sysconfdir=/etc/zabbix             --enable-agent             --enable-server             --with-postgresql             --with-ldap             --with-libcurl             --with-libxml2             --with-net-snmp             --with-openipmi             --with-openssl             --with-ssh2             --with-unixodbc             --enable-ipv6             --silent &&     echo "=== Building dbschema ===" &&     make -j"$(nproc)" dbschema || (echo "=== Retrying dbschema with single job ===" && make -j1 dbschema) &&     echo "=== Building main ===" &&     make -j"$(nproc)" || (echo "=== Retrying main with single job ===" && make -j1) &&     echo "=== Installing ===" &&     make -j"$(nproc)" install &&     echo "=== Building documentation ===" &&     mkdir -p /usr/share/doc/zabbix-server-postgresql/ &&     gzip -c database/postgresql/schema.sql > /usr/share/doc/zabbix-server-postgresql/create.sql.gz &&     cat database/postgresql/images.sql database/postgresql/data.sql | gzip -c >> /usr/share/doc/zabbix-server-postgresql/create.sql.gz &&     cp database/postgresql/timescaledb.sql /usr/share/doc/zabbix-server-postgresql/timescaledb.sql
+ git rev-parse --short HEAD
+ zabbix_revision=49955f1
+ sed -i 's/{ZABBIX_REVISION}/49955f1/g' include/version.h
+ ./bootstrap.sh
configure.ac:37: installing './compile'
configure.ac:29: installing './config.guess'
configure.ac:29: installing './config.sub'
configure.ac:19: installing './install-sh'
configure.ac:19: installing './missing'
src/libs/zbxagentget/Makefile.am: installing './depcomp'
+ export 'CFLAGS=-fPIC -pie -Wl,-z,relro -Wl,-z,now'
+ ./configure '--datadir=/usr/lib' '--libdir=/usr/lib/zabbix' '--prefix=/usr' '--sysconfdir=/etc/zabbix' --enable-agent --enable-server --with-postgresql --with-ldap --with-libcurl --with-libxml2 --with-net-snmp --with-openipmi --with-openssl --with-ssh2 --with-unixodbc --enable-ipv6 --silent
configure: error: cannot find pkg-config package for libpcre
+ echo '=== Retrying dbschema with single job ==='
+ make -j1 dbschema
=== Retrying dbschema with single job ===
make: *** No rule to make target 'dbschema'.  Stop.
+ echo '=== Retrying main with single job ==='
=== Retrying main with single job ===
+ make -j1
make: *** No targets specified and no makefile found.  Stop.
Error: building at STEP "RUN set -eux;     zabbix_revision=$(git rev-parse --short HEAD) &&     sed -i "s/{ZABBIX_REVISION}/${zabbix_revision}/g" include/version.h &&     ./bootstrap.sh &&     export CFLAGS="-fPIC -pie -Wl,-z,relro -Wl,-z,now" &&     ./configure             --datadir=/usr/lib             --libdir=/usr/lib/zabbix             --prefix=/usr             --sysconfdir=/etc/zabbix             --enable-agent             --enable-server             --with-postgresql             --with-ldap             --with-libcurl             --with-libxml2             --with-net-snmp             --with-openipmi             --with-openssl             --with-ssh2             --with-unixodbc             --enable-ipv6             --silent &&     echo "=== Building dbschema ===" &&     make -j"$(nproc)" dbschema || (echo "=== Retrying dbschema with single job ===" && make -j1 dbschema) &&     echo "=== Building main ===" &&     make -j"$(nproc)" || (echo "=== Retrying main with single job ===" && make -j1) &&     echo "=== Installing ===" &&     make -j"$(nproc)" install &&     echo "=== Building documentation ===" &&     mkdir -p /usr/share/doc/zabbix-server-postgresql/ &&     gzip -c database/postgresql/schema.sql > /usr/share/doc/zabbix-server-postgresql/create.sql.gz &&     cat database/postgresql/images.sql database/postgresql/data.sql | gzip -c >> /usr/share/doc/zabbix-server-postgresql/create.sql.gz &&     cp database/postgresql/timescaledb.sql /usr/share/doc/zabbix-server-postgresql/timescaledb.sql": while running runtime: exit status 2

