[1/2] STEP 1/4: FROM alpine:3.20 AS builder
[1/2] STEP 2/4: SHELL ["/bin/sh", "-o", "pipefail", "-c"]
--> Using cache 066f96b09088070ab39e7fa087822fb61f09ca036051c98af750d7e9417b80a8
--> 066f96b09088
[1/2] STEP 3/4: COPY ["snmptrapfmt_1.14+nmu1ubuntu2.tar.gz", "/tmp/"]
time="2026-03-15T11:10:02+05:00" level=warning msg="SHELL is not supported for OCI image format, [/bin/sh -o pipefail -c] will be ignored. Must use `docker` format"
--> f5ed63b7df9a
[1/2] STEP 4/4: RUN set -eux;     apk add --no-cache --virtual build-dependencies             autoconf             automake             coreutils             git             g++             make             libnsl-dev             net-snmp-dev &&     cd /tmp/ &&     tar -zxvf snmptrapfmt_1.14+nmu1ubuntu2.tar.gz &&     cd snmptrapfmt-1.14+nmu1ubuntu*/ &&     if [ -d patches ]; then         for patch in patches/*.patch; do             patch -p1 < "$patch" || true;         done;     fi &&     make
+ apk add --no-cache --virtual build-dependencies autoconf automake coreutils git g++ make libnsl-dev net-snmp-dev
fetch https://dl-cdn.alpinelinux.org/alpine/v3.20/main/x86_64/APKINDEX.tar.gz
fetch https://dl-cdn.alpinelinux.org/alpine/v3.20/community/x86_64/APKINDEX.tar.gz
(1/117) Installing m4 (1.4.19-r3)
(2/117) Installing libbz2 (1.0.8-r6)
(3/117) Installing perl (5.38.5-r0)
(4/117) Installing autoconf (2.72-r0)
(5/117) Installing automake (1.16.5-r2)
(6/117) Installing coreutils-env (9.5-r2)
(7/117) Installing coreutils-fmt (9.5-r2)
(8/117) Installing coreutils-sha512sum (9.5-r2)
(9/117) Installing libacl (2.3.2-r0)
(10/117) Installing libattr (2.5.2-r0)
(11/117) Installing gmp (6.3.0-r1)
(12/117) Installing skalibs (2.14.1.1-r0)
(13/117) Installing utmps-libs (0.1.2.2-r1)
(14/117) Installing coreutils (9.5-r2)
(15/117) Installing ca-certificates (20250911-r0)
(16/117) Installing brotli-libs (1.1.0-r2)
(17/117) Installing c-ares (1.33.1-r0)
(18/117) Installing libunistring (1.2-r0)
(19/117) Installing libidn2 (2.3.7-r0)
(20/117) Installing nghttp2-libs (1.62.1-r0)
(21/117) Installing libpsl (0.21.5-r1)
(22/117) Installing zstd-libs (1.5.6-r0)
(23/117) Installing libcurl (8.14.1-r2)
(24/117) Installing libexpat (2.7.4-r0)
(25/117) Installing pcre2 (10.43-r0)
(26/117) Installing git (2.45.4-r0)
(27/117) Installing git-init-template (2.45.4-r0)
(28/117) Installing perl-error (0.17029-r2)
(29/117) Installing perl-git (2.45.4-r0)
(30/117) Installing git-perl (2.45.4-r0)
(31/117) Installing libgcc (13.2.1_git20240309-r1)
(32/117) Installing libstdc++ (13.2.1_git20240309-r1)
(33/117) Installing libstdc++-dev (13.2.1_git20240309-r1)
(34/117) Installing jansson (2.14-r4)
(35/117) Installing binutils (2.42-r1)
(36/117) Installing libgomp (13.2.1_git20240309-r1)
(37/117) Installing libatomic (13.2.1_git20240309-r1)
(38/117) Installing isl26 (0.26-r1)
(39/117) Installing mpfr4 (4.2.1-r0)
(40/117) Installing mpc1 (1.3.1-r1)
(41/117) Installing gcc (13.2.1_git20240309-r1)
(42/117) Installing musl-dev (1.2.5-r1)
(43/117) Installing g++ (13.2.1_git20240309-r1)
(44/117) Installing make (4.4.1-r2)
(45/117) Installing libintl (0.22.5-r0)
(46/117) Installing libtirpc-conf (1.3.4-r0)
(47/117) Installing krb5-conf (1.0-r2)
(48/117) Installing libcom_err (1.47.0-r5)
(49/117) Installing keyutils-libs (1.6.3-r3)
(50/117) Installing libverto (0.3.2-r2)
(51/117) Installing krb5-libs (1.21.3-r0)
(52/117) Installing libtirpc (1.3.4-r0)
(53/117) Installing libnsl (2.0.1-r0)
(54/117) Installing bsd-compat-headers (0.7.2-r6)
(55/117) Installing libeconf (0.6.3-r0)
(56/117) Installing libblkid (2.40.1-r1)
(57/117) Installing libuuid (2.40.1-r1)
(58/117) Installing libfdisk (2.40.1-r1)
(59/117) Installing libmount (2.40.1-r1)
(60/117) Installing libsmartcols (2.40.1-r1)
(61/117) Installing ncurses-terminfo-base (6.4_p20240420-r2)
(62/117) Installing libncursesw (6.4_p20240420-r2)
(63/117) Installing readline (8.2.10-r0)
(64/117) Installing sqlite (3.45.3-r3)
(65/117) Installing pkgconf (2.2.0-r0)
(66/117) Installing sqlite-libs (3.45.3-r3)
(67/117) Installing sqlite-dev (3.45.3-r3)
(68/117) Installing util-linux (2.40.1-r1)
(69/117) Installing dmesg (2.40.1-r1)
(70/117) Installing setarch (2.40.1-r1)
(71/117) Installing util-linux-misc (2.40.1-r1)
(72/117) Installing linux-pam (1.6.0-r0)
(73/117) Installing runuser (2.40.1-r1)
(74/117) Installing mount (2.40.1-r1)
(75/117) Installing losetup (2.40.1-r1)
(76/117) Installing hexdump (2.40.1-r1)
(77/117) Installing uuidgen (2.40.1-r1)
(78/117) Installing blkid (2.40.1-r1)
(79/117) Installing sfdisk (2.40.1-r1)
(80/117) Installing mcookie (2.40.1-r1)
(81/117) Installing agetty (2.40.1-r1)
(82/117) Installing wipefs (2.40.1-r1)
(83/117) Installing cfdisk (2.40.1-r1)
(84/117) Installing umount (2.40.1-r1)
(85/117) Installing flock (2.40.1-r1)
(86/117) Installing lsblk (2.40.1-r1)
(87/117) Installing libcap-ng (0.8.5-r0)
(88/117) Installing setpriv (2.40.1-r1)
(89/117) Installing logger (2.40.1-r1)
(90/117) Installing partx (2.40.1-r1)
(91/117) Installing fstrim (2.40.1-r1)
(92/117) Installing findmnt (2.40.1-r1)
(93/117) Installing util-linux-dev (2.40.1-r1)
(94/117) Installing gawk (5.3.0-r1)
(95/117) Installing e2fsprogs-libs (1.47.0-r5)
(96/117) Installing e2fsprogs-dev (1.47.0-r5)
(97/117) Installing libffi (3.4.6-r0)
(98/117) Installing glib (2.80.5-r0)
(99/117) Installing libverto-glib (0.3.2-r2)
(100/117) Installing libev (4.33-r1)
(101/117) Installing libverto-libev (0.3.2-r2)
(102/117) Installing libevent (2.1.12-r7)
(103/117) Installing libverto-libevent (0.3.2-r2)
(104/117) Installing libverto-dev (0.3.2-r2)
(105/117) Installing gdbm (1.23-r1)
(106/117) Installing libsasl (2.1.28-r6)
(107/117) Installing libldap (2.6.8-r0)
(108/117) Installing krb5-server-ldap (1.21.3-r0)
(109/117) Installing krb5-dev (1.21.3-r0)
(110/117) Installing libtirpc-nokrb (1.3.4-r0)
(111/117) Installing libtirpc-dev (1.3.4-r0)
(112/117) Installing libnsl-dev (2.0.1-r0)
(113/117) Installing openssl-dev (3.3.6-r0)
(114/117) Installing net-snmp-libs (5.9.4-r0)
(115/117) Installing net-snmp-agent-libs (5.9.4-r0)
(116/117) Installing net-snmp-dev (5.9.4-r0)
(117/117) Installing build-dependencies (20260315.061003)
Executing busybox-1.36.1-r31.trigger
Executing ca-certificates-20250911-r0.trigger
Executing glib-2.80.5-r0.trigger
OK: 316 MiB in 131 packages
+ cd /tmp/
+ tar -zxvf snmptrapfmt_1.14+nmu1ubuntu2.tar.gz
snmptrapfmt-1.14+nmu1ubuntu1/
snmptrapfmt-1.14+nmu1ubuntu1/log.h
snmptrapfmt-1.14+nmu1ubuntu1/log.c
snmptrapfmt-1.14+nmu1ubuntu1/.gitignore
snmptrapfmt-1.14+nmu1ubuntu1/snmptrapfmthdlr.8
snmptrapfmt-1.14+nmu1ubuntu1/debian/
snmptrapfmt-1.14+nmu1ubuntu1/debian/snmptrapfmt.examples
snmptrapfmt-1.14+nmu1ubuntu1/debian/examples/
snmptrapfmt-1.14+nmu1ubuntu1/debian/examples/snmptrapd.conf
snmptrapfmt-1.14+nmu1ubuntu1/debian/rules
snmptrapfmt-1.14+nmu1ubuntu1/debian/README.debian
snmptrapfmt-1.14+nmu1ubuntu1/debian/postrm
snmptrapfmt-1.14+nmu1ubuntu1/debian/copyright
snmptrapfmt-1.14+nmu1ubuntu1/debian/control
snmptrapfmt-1.14+nmu1ubuntu1/debian/changelog
snmptrapfmt-1.14+nmu1ubuntu1/debian/dirs
snmptrapfmt-1.14+nmu1ubuntu1/debian/compat
snmptrapfmt-1.14+nmu1ubuntu1/debian/patches/
snmptrapfmt-1.14+nmu1ubuntu1/debian/patches/series
snmptrapfmt-1.14+nmu1ubuntu1/debian/patches/ip_address_fix.patch
snmptrapfmt-1.14+nmu1ubuntu1/debian/init.d
snmptrapfmt-1.14+nmu1ubuntu1/snmptrapfmt.8
snmptrapfmt-1.14+nmu1ubuntu1/snmptrapfmt.h
snmptrapfmt-1.14+nmu1ubuntu1/Makefile
snmptrapfmt-1.14+nmu1ubuntu1/test/
snmptrapfmt-1.14+nmu1ubuntu1/test/snmptrapfmt.conf
snmptrapfmt-1.14+nmu1ubuntu1/test/testtraps.sh
snmptrapfmt-1.14+nmu1ubuntu1/snmptrapfmt.conf
snmptrapfmt-1.14+nmu1ubuntu1/.pc/
snmptrapfmt-1.14+nmu1ubuntu1/.pc/.version
snmptrapfmt-1.14+nmu1ubuntu1/.pc/.quilt_series
snmptrapfmt-1.14+nmu1ubuntu1/.pc/.quilt_patches
snmptrapfmt-1.14+nmu1ubuntu1/.pc/applied-patches
snmptrapfmt-1.14+nmu1ubuntu1/.pc/ip_address_fix.patch/
snmptrapfmt-1.14+nmu1ubuntu1/.pc/ip_address_fix.patch/.timestamp
snmptrapfmt-1.14+nmu1ubuntu1/.pc/ip_address_fix.patch/snmptrapfmt.c
snmptrapfmt-1.14+nmu1ubuntu1/COPYING
snmptrapfmt-1.14+nmu1ubuntu1/snmptrapfmt.c
snmptrapfmt-1.14+nmu1ubuntu1/patches/
snmptrapfmt-1.14+nmu1ubuntu1/patches/series
snmptrapfmt-1.14+nmu1ubuntu1/patches/makefile.patch
snmptrapfmt-1.14+nmu1ubuntu1/patches/pid_location.patch
snmptrapfmt-1.14+nmu1ubuntu1/patches/ip_address_fix.patch
snmptrapfmt-1.14+nmu1ubuntu1/snmptrapfmthdlr.c
+ cd snmptrapfmt-1.14+nmu1ubuntu1/
+ '[' -d patches ]
+ patch -p1
/bin/sh: patch: not found
+ true
+ patch -p1
/bin/sh: patch: not found
+ true
+ patch -p1
/bin/sh: patch: not found
+ true
+ make
cc -O2 -g -Wall -I /usr/include/ucd-snmp -DSTDC_HEADERS -DDEBUG `dpkg-buildflags --get CFLAGS` `dpkg-buildflags --get CPPFLAGS`   -c -o snmptrapfmthdlr.o snmptrapfmthdlr.c
/bin/sh: dpkg-buildflags: not found
/bin/sh: dpkg-buildflags: not found
cc -O2 -g -Wall -I /usr/include/ucd-snmp -DSTDC_HEADERS -DDEBUG `dpkg-buildflags --get CFLAGS` `dpkg-buildflags --get CPPFLAGS`   -c -o log.o log.c
/bin/sh: dpkg-buildflags: not found
/bin/sh: dpkg-buildflags: not found
cc -g -o snmptrapfmthdlr snmptrapfmthdlr.o log.o `dpkg-buildflags --get LDFLAGS` -lsnmp -lieee -lnsl
/bin/sh: dpkg-buildflags: not found
/usr/lib/gcc/x86_64-alpine-linux-musl/13.2.1/../../../../x86_64-alpine-linux-musl/bin/ld: cannot find -lsnmp: No such file or directory
/usr/lib/gcc/x86_64-alpine-linux-musl/13.2.1/../../../../x86_64-alpine-linux-musl/bin/ld: cannot find -lieee: No such file or directory
collect2: error: ld returned 1 exit status
make: *** [Makefile:28: snmptrapfmthdlr] Error 1
Error: building at STEP "RUN set -eux;     apk add --no-cache --virtual build-dependencies             autoconf             automake             coreutils             git             g++             make             libnsl-dev             net-snmp-dev &&     cd /tmp/ &&     tar -zxvf snmptrapfmt_1.14+nmu1ubuntu2.tar.gz &&     cd snmptrapfmt-1.14+nmu1ubuntu*/ &&     if [ -d patches ]; then         for patch in patches/*.patch; do             patch -p1 < "$patch" || true;         done;     fi &&     make": while running runtime: exit status 2

