[1/2] STEP 1/10: FROM alpine:3.20 AS builder
[1/2] STEP 2/10: SHELL ["/bin/sh", "-o", "pipefail", "-c"]
--> Using cache 066f96b09088070ab39e7fa087822fb61f09ca036051c98af750d7e9417b80a8
--> 066f96b09088
[1/2] STEP 3/10: ARG MAJOR_VERSION=7.0
--> Using cache 06cae16ec2324e6358c267cdeaba475b16d15273063c71a8891a986b5ebb6cb7
--> 06cae16ec232
[1/2] STEP 4/10: ARG ZBX_VERSION=${MAJOR_VERSION}.0
--> Using cache 23435cd2364a7478115e95482ac0e09833b109b86e8ca6b710309287055561a5
--> 23435cd2364a
[1/2] STEP 5/10: ARG ZBX_SOURCES=https://git.zabbix.com/scm/zbx/zabbix.git
--> Using cache 7c7b7cfb797f57cd3d3d8e2bac0d362304a401bd9a1cd561a6d8bc6b677a7c5d
--> 7c7b7cfb797f
[1/2] STEP 6/10: ENV ZBX_VERSION=${ZBX_VERSION} ZBX_SOURCES=${ZBX_SOURCES}
--> Using cache 437b02d843842f19399311f5b77d00a103d5c17cf0518d49a7b2dedc30f996b9
--> 437b02d84384
[1/2] STEP 7/10: WORKDIR /usr/share/
time="2026-03-15T11:10:20+05:00" level=warning msg="SHELL is not supported for OCI image format, [/bin/sh -o pipefail -c] will be ignored. Must use `docker` format"
--> 1de88bb412a3
[1/2] STEP 8/10: RUN set -eux;     apk add --no-cache --virtual build-dependencies             bash             coreutils             gettext             git &&     git clone "${ZBX_SOURCES}" --branch "${ZBX_VERSION}" --depth 1 --single-branch "zabbix-${ZBX_VERSION}" &&     mkdir /usr/share/zabbix/ &&     cp -R "/usr/share/zabbix-${ZBX_VERSION}/ui/." /usr/share/zabbix/ &&     rm -rf "/usr/share/zabbix-${ZBX_VERSION}/"
+ apk add --no-cache --virtual build-dependencies bash coreutils gettext git
fetch https://dl-cdn.alpinelinux.org/alpine/v3.20/main/x86_64/APKINDEX.tar.gz
fetch https://dl-cdn.alpinelinux.org/alpine/v3.20/community/x86_64/APKINDEX.tar.gz
(1/34) Installing ncurses-terminfo-base (6.4_p20240420-r2)
(2/34) Installing libncursesw (6.4_p20240420-r2)
(3/34) Installing readline (8.2.10-r0)
(4/34) Installing bash (5.2.26-r0)
Executing bash-5.2.26-r0.post-install
(5/34) Installing coreutils-env (9.5-r2)
(6/34) Installing coreutils-fmt (9.5-r2)
(7/34) Installing coreutils-sha512sum (9.5-r2)
(8/34) Installing libacl (2.3.2-r0)
(9/34) Installing libattr (2.5.2-r0)
(10/34) Installing gmp (6.3.0-r1)
(11/34) Installing skalibs (2.14.1.1-r0)
(12/34) Installing utmps-libs (0.1.2.2-r1)
(13/34) Installing coreutils (9.5-r2)
(14/34) Installing libintl (0.22.5-r0)
(15/34) Installing gettext-envsubst (0.22.5-r0)
(16/34) Installing libgomp (13.2.1_git20240309-r1)
(17/34) Installing libunistring (1.2-r0)
(18/34) Installing gettext-libs (0.22.5-r0)
(19/34) Installing xz-libs (5.6.2-r1)
(20/34) Installing libxml2 (2.12.10-r0)
(21/34) Installing gettext (0.22.5-r0)
(22/34) Installing ca-certificates (20250911-r0)
(23/34) Installing brotli-libs (1.1.0-r2)
(24/34) Installing c-ares (1.33.1-r0)
(25/34) Installing libidn2 (2.3.7-r0)
(26/34) Installing nghttp2-libs (1.62.1-r0)
(27/34) Installing libpsl (0.21.5-r1)
(28/34) Installing zstd-libs (1.5.6-r0)
(29/34) Installing libcurl (8.14.1-r2)
(30/34) Installing libexpat (2.7.4-r0)
(31/34) Installing pcre2 (10.43-r0)
(32/34) Installing git (2.45.4-r0)
(33/34) Installing git-init-template (2.45.4-r0)
(34/34) Installing build-dependencies (20260315.061022)
Executing busybox-1.36.1-r31.trigger
Executing ca-certificates-20250911-r0.trigger
OK: 28 MiB in 48 packages
+ git clone https://git.zabbix.com/scm/zbx/zabbix.git --branch 7.0.0 --depth 1 --single-branch zabbix-7.0.0
Cloning into 'zabbix-7.0.0'...
Note: switching to '49955f1fb5c9168a8a24b053f7ade6b3d903143c'.

You are in 'detached HEAD' state. You can look around, make experimental
changes and commit them, and you can discard any commits you make in this
state without impacting any branches by switching back to a branch.

If you want to create a new branch to retain commits you create, you may
do so (now or later) by using -c with the switch command. Example:

  git switch -c <new-branch-name>

Or undo this operation with:

  git switch -

Turn off this advice by setting config variable advice.detachedHead to false

+ mkdir /usr/share/zabbix/
+ cp -R /usr/share/zabbix-7.0.0/ui/. /usr/share/zabbix/
+ rm -rf /usr/share/zabbix-7.0.0/
time="2026-03-15T11:10:33+05:00" level=warning msg="SHELL is not supported for OCI image format, [/bin/sh -o pipefail -c] will be ignored. Must use `docker` format"
--> 1900a78c175c
[1/2] STEP 9/10: WORKDIR /usr/share/zabbix/
time="2026-03-15T11:10:34+05:00" level=warning msg="SHELL is not supported for OCI image format, [/bin/sh -o pipefail -c] will be ignored. Must use `docker` format"
--> c4cec9fb37b2
[1/2] STEP 10/10: RUN set -eux;     rm -f conf/zabbix.conf.php &&     rm -f conf/maintenance.inc.php &&     rm -rf tests &&     ./locale/make_mo.sh
+ rm -f conf/zabbix.conf.php
+ rm -f conf/maintenance.inc.php
+ rm -rf tests
+ ./locale/make_mo.sh
time="2026-03-15T11:10:35+05:00" level=warning msg="SHELL is not supported for OCI image format, [/bin/sh -o pipefail -c] will be ignored. Must use `docker` format"
--> 8894a8198344
[2/2] STEP 1/28: FROM alpine:3.20
[2/2] STEP 2/28: SHELL ["/bin/sh", "-o", "pipefail", "-c"]
--> Using cache 066f96b09088070ab39e7fa087822fb61f09ca036051c98af750d7e9417b80a8
--> 066f96b09088
[2/2] STEP 3/28: LABEL org.opencontainers.image.title="Zabbix web-interface (Nginx, PostgreSQL)"       org.opencontainers.image.authors="Alexey Pustovalov <alexey.pustovalov@zabbix.com>"       org.opencontainers.image.vendor="Zabbix LLC"       org.opencontainers.image.url="https://zabbix.com/"       org.opencontainers.image.description="Zabbix web-interface based on Nginx web server with PostgreSQL database support"       org.opencontainers.image.licenses="GPL v2.0"
time="2026-03-15T11:10:37+05:00" level=warning msg="SHELL is not supported for OCI image format, [/bin/sh -o pipefail -c] will be ignored. Must use `docker` format"
--> fc0d52d6e679
[2/2] STEP 4/28: STOPSIGNAL SIGTERM
time="2026-03-15T11:10:38+05:00" level=warning msg="SHELL is not supported for OCI image format, [/bin/sh -o pipefail -c] will be ignored. Must use `docker` format"
--> 1adb9d58190f
[2/2] STEP 5/28: RUN set -eux;     addgroup -S -g 1995 zabbix &&     adduser -S             -D -G zabbix -G root             -u 1997             -h /var/lib/zabbix/             -H         zabbix &&     mkdir -p /etc/zabbix &&     mkdir -p /etc/zabbix/web &&     mkdir -p /etc/zabbix/web/certs &&     mkdir -p /var/lib/php/session &&     mkdir -p /var/log/php83 &&     apk add --no-cache             bash             curl             nginx             php83             php83-bcmath             php83-ctype             php83-fpm             php83-gd             php83-gettext             php83-json             php83-ldap             php83-mbstring             php83-pgsql             php83-session             php83-simplexml             php83-sockets             php83-fileinfo             php83-xmlreader             php83-xmlwriter             php83-openssl             postgresql-client             supervisor &&     rm -rf /etc/php83/php-fpm.d/www.conf &&     rm -f /etc/nginx/conf.d/*.conf &&     mkdir -p /etc/nginx/conf.d &&     ln -sf /dev/fd/2 /var/log/nginx/error.log &&     ln -sf /dev/fd/1 /var/log/nginx/access.log &&     rm -rf /var/cache/apk/*
+ addgroup -S -g 1995 zabbix
+ adduser -S -D -G zabbix -G root -u 1997 -h /var/lib/zabbix/ -H zabbix
+ mkdir -p /etc/zabbix
+ mkdir -p /etc/zabbix/web
+ mkdir -p /etc/zabbix/web/certs
+ mkdir -p /var/lib/php/session
+ mkdir -p /var/log/php83
+ apk add --no-cache bash curl nginx php83 php83-bcmath php83-ctype php83-fpm php83-gd php83-gettext php83-json php83-ldap php83-mbstring php83-pgsql php83-session php83-simplexml php83-sockets php83-fileinfo php83-xmlreader php83-xmlwriter php83-openssl postgresql-client supervisor
fetch https://dl-cdn.alpinelinux.org/alpine/v3.20/main/x86_64/APKINDEX.tar.gz
fetch https://dl-cdn.alpinelinux.org/alpine/v3.20/community/x86_64/APKINDEX.tar.gz
(1/89) Installing ncurses-terminfo-base (6.4_p20240420-r2)
(2/89) Installing libncursesw (6.4_p20240420-r2)
(3/89) Installing readline (8.2.10-r0)
(4/89) Installing bash (5.2.26-r0)
Executing bash-5.2.26-r0.post-install
(5/89) Installing ca-certificates (20250911-r0)
(6/89) Installing brotli-libs (1.1.0-r2)
(7/89) Installing c-ares (1.33.1-r0)
(8/89) Installing libunistring (1.2-r0)
(9/89) Installing libidn2 (2.3.7-r0)
(10/89) Installing nghttp2-libs (1.62.1-r0)
(11/89) Installing libpsl (0.21.5-r1)
(12/89) Installing zstd-libs (1.5.6-r0)
(13/89) Installing libcurl (8.14.1-r2)
(14/89) Installing curl (8.14.1-r2)
(15/89) Installing pcre (8.45-r3)
(16/89) Installing nginx (1.26.3-r0)
Executing nginx-1.26.3-r0.pre-install
Executing nginx-1.26.3-r0.post-install
(17/89) Installing php83-common (8.3.15-r0)
(18/89) Installing argon2-libs (20190702-r5)
(19/89) Installing libedit (20240517.3.1-r0)
(20/89) Installing pcre2 (10.43-r0)
(21/89) Installing xz-libs (5.6.2-r1)
(22/89) Installing libxml2 (2.12.10-r0)
(23/89) Installing php83 (8.3.15-r0)
(24/89) Installing php83-bcmath (8.3.15-r0)
(25/89) Installing php83-ctype (8.3.15-r0)
(26/89) Installing php83-fileinfo (8.3.15-r0)
(27/89) Installing libacl (2.3.2-r0)
(28/89) Installing php83-fpm (8.3.15-r0)
(29/89) Installing libxau (1.0.11-r4)
(30/89) Installing libmd (1.1.0-r0)
(31/89) Installing libbsd (0.12.2-r0)
(32/89) Installing libxdmcp (1.1.5-r1)
(33/89) Installing libxcb (1.16.1-r0)
(34/89) Installing libx11 (1.8.9-r1)
(35/89) Installing libxext (1.3.6-r2)
(36/89) Installing libice (1.1.1-r6)
(37/89) Installing libuuid (2.40.1-r1)
(38/89) Installing libsm (1.2.4-r4)
(39/89) Installing libxt (1.3.0-r5)
(40/89) Installing libxpm (3.5.17-r0)
(41/89) Installing aom-libs (3.9.1-r0)
(42/89) Installing libdav1d (1.4.2-r0)
(43/89) Installing libsharpyuv (1.3.2-r0)
(44/89) Installing libavif (1.0.4-r0)
(45/89) Installing libbz2 (1.0.8-r6)
(46/89) Installing libpng (1.6.55-r0)
(47/89) Installing freetype (2.13.2-r0)
(48/89) Installing libjpeg-turbo (3.0.3-r0)
(49/89) Installing libwebp (1.3.2-r0)
(50/89) Installing php83-gd (8.3.15-r0)
(51/89) Installing libintl (0.22.5-r0)
(52/89) Installing php83-gettext (8.3.15-r0)
(53/89) Installing gdbm (1.23-r1)
(54/89) Installing libsasl (2.1.28-r6)
(55/89) Installing libldap (2.6.8-r0)
(56/89) Installing php83-ldap (8.3.15-r0)
(57/89) Installing oniguruma (6.9.9-r0)
(58/89) Installing php83-mbstring (8.3.15-r0)
(59/89) Installing php83-openssl (8.3.15-r0)
(60/89) Installing libpq (16.13-r0)
(61/89) Installing php83-pgsql (8.3.15-r0)
(62/89) Installing php83-session (8.3.15-r0)
(63/89) Installing php83-simplexml (8.3.15-r0)
(64/89) Installing php83-sockets (8.3.15-r0)
(65/89) Installing php83-dom (8.3.15-r0)
(66/89) Installing php83-xmlreader (8.3.15-r0)
(67/89) Installing php83-xmlwriter (8.3.15-r0)
(68/89) Installing postgresql-common (1.2-r1)
Executing postgresql-common-1.2-r1.pre-install
(69/89) Installing lz4-libs (1.9.4-r5)
(70/89) Installing postgresql16-client (16.13-r0)
(71/89) Installing libexpat (2.7.4-r0)
(72/89) Installing libffi (3.4.6-r0)
(73/89) Installing libgcc (13.2.1_git20240309-r1)
(74/89) Installing libstdc++ (13.2.1_git20240309-r1)
(75/89) Installing mpdecimal (4.0.0-r0)
(76/89) Installing libpanelw (6.4_p20240420-r2)
(77/89) Installing sqlite-libs (3.45.3-r3)
(78/89) Installing python3 (3.12.12-r0)
(79/89) Installing python3-pycache-pyc0 (3.12.12-r0)
(80/89) Installing pyc (3.12.12-r0)
(81/89) Installing py3-parsing (3.1.2-r1)
(82/89) Installing py3-parsing-pyc (3.1.2-r1)
(83/89) Installing py3-packaging (24.0-r1)
(84/89) Installing py3-packaging-pyc (24.0-r1)
(85/89) Installing py3-setuptools (70.3.0-r0)
(86/89) Installing py3-setuptools-pyc (70.3.0-r0)
(87/89) Installing supervisor-pyc (4.2.5-r5)
(88/89) Installing python3-pyc (3.12.12-r0)
(89/89) Installing supervisor (4.2.5-r5)
Executing busybox-1.36.1-r31.trigger
Executing ca-certificates-20250911-r0.trigger
Executing postgresql-common-1.2-r1.trigger
* Setting postgresql16 as the default version
WARNING: opening from cache https://dl-cdn.alpinelinux.org/alpine/v3.20/main: No such file or directory
WARNING: opening from cache https://dl-cdn.alpinelinux.org/alpine/v3.20/community: No such file or directory
OK: 121 MiB in 103 packages
+ rm -rf /etc/php83/php-fpm.d/www.conf
+ rm -f '/etc/nginx/conf.d/*.conf'
+ mkdir -p /etc/nginx/conf.d
+ ln -sf /dev/fd/2 /var/log/nginx/error.log
+ ln -sf /dev/fd/1 /var/log/nginx/access.log
+ rm -rf '/var/cache/apk/*'
time="2026-03-15T11:10:47+05:00" level=warning msg="SHELL is not supported for OCI image format, [/bin/sh -o pipefail -c] will be ignored. Must use `docker` format"
--> b89e077e8e3b
[2/2] STEP 6/28: ARG MAJOR_VERSION=7.0
time="2026-03-15T11:10:48+05:00" level=warning msg="SHELL is not supported for OCI image format, [/bin/sh -o pipefail -c] will be ignored. Must use `docker` format"
--> 857bba3edd7a
[2/2] STEP 7/28: ARG ZBX_VERSION=${MAJOR_VERSION}.0
time="2026-03-15T11:10:48+05:00" level=warning msg="SHELL is not supported for OCI image format, [/bin/sh -o pipefail -c] will be ignored. Must use `docker` format"
--> 9190b1fe8260
[2/2] STEP 8/28: ARG ZBX_SOURCES=https://git.zabbix.com/scm/zbx/zabbix.git
time="2026-03-15T11:10:48+05:00" level=warning msg="SHELL is not supported for OCI image format, [/bin/sh -o pipefail -c] will be ignored. Must use `docker` format"
--> 3550b2686c02
[2/2] STEP 9/28: ENV TERM=xterm ZBX_VERSION=${ZBX_VERSION} ZBX_SOURCES=${ZBX_SOURCES}
time="2026-03-15T11:10:48+05:00" level=warning msg="SHELL is not supported for OCI image format, [/bin/sh -o pipefail -c] will be ignored. Must use `docker` format"
--> 23b468936116
[2/2] STEP 10/28: LABEL org.opencontainers.image.documentation="https://www.zabbix.com/documentation/${MAJOR_VERSION}/manual/installation/containers"       org.opencontainers.image.version="${ZBX_VERSION}"       org.opencontainers.image.source="${ZBX_SOURCES}"
time="2026-03-15T11:10:48+05:00" level=warning msg="SHELL is not supported for OCI image format, [/bin/sh -o pipefail -c] will be ignored. Must use `docker` format"
--> 5f63db9bed17
[2/2] STEP 11/28: COPY conf/etc/nginx/nginx.conf /etc/nginx/nginx.conf
time="2026-03-15T11:10:49+05:00" level=warning msg="SHELL is not supported for OCI image format, [/bin/sh -o pipefail -c] will be ignored. Must use `docker` format"
--> 32dc1c1d7234
[2/2] STEP 12/28: COPY conf/etc/php7/php-fpm.conf /etc/php83/php-fpm.conf
time="2026-03-15T11:10:49+05:00" level=warning msg="SHELL is not supported for OCI image format, [/bin/sh -o pipefail -c] will be ignored. Must use `docker` format"
--> 4d4ab0d42676
[2/2] STEP 13/28: COPY conf/etc/php7/php-fpm.d/zabbix.conf /etc/php83/php-fpm.d/zabbix.conf
time="2026-03-15T11:10:49+05:00" level=warning msg="SHELL is not supported for OCI image format, [/bin/sh -o pipefail -c] will be ignored. Must use `docker` format"
--> 41677f2593d4
[2/2] STEP 14/28: COPY conf/etc/supervisor/supervisord.conf /etc/supervisor/supervisord.conf
time="2026-03-15T11:10:49+05:00" level=warning msg="SHELL is not supported for OCI image format, [/bin/sh -o pipefail -c] will be ignored. Must use `docker` format"
--> 9442a6aa7467
[2/2] STEP 15/28: COPY conf/etc/supervisor/conf.d/supervisord_zabbix.conf /etc/supervisor/conf.d/supervisord_zabbix.conf
time="2026-03-15T11:10:50+05:00" level=warning msg="SHELL is not supported for OCI image format, [/bin/sh -o pipefail -c] will be ignored. Must use `docker` format"
--> 7669b96eda70
[2/2] STEP 16/28: COPY conf/etc/zabbix/nginx.conf /etc/nginx/conf.d/zabbix.conf
time="2026-03-15T11:10:50+05:00" level=warning msg="SHELL is not supported for OCI image format, [/bin/sh -o pipefail -c] will be ignored. Must use `docker` format"
--> 48623afb5f8b
[2/2] STEP 17/28: COPY conf/etc/zabbix/nginx_ssl.conf /etc/nginx/conf.d/zabbix_ssl.conf
time="2026-03-15T11:10:51+05:00" level=warning msg="SHELL is not supported for OCI image format, [/bin/sh -o pipefail -c] will be ignored. Must use `docker` format"
--> c311d1952ae4
[2/2] STEP 18/28: COPY conf/etc/zabbix/web/maintenance.inc.php /etc/zabbix/web/maintenance.inc.php
time="2026-03-15T11:10:51+05:00" level=warning msg="SHELL is not supported for OCI image format, [/bin/sh -o pipefail -c] will be ignored. Must use `docker` format"
--> 0246277908d6
[2/2] STEP 19/28: COPY conf/etc/zabbix/web/zabbix.conf.php /etc/zabbix/web/zabbix.conf.php
time="2026-03-15T11:10:51+05:00" level=warning msg="SHELL is not supported for OCI image format, [/bin/sh -o pipefail -c] will be ignored. Must use `docker` format"
--> 85b8a658de47
[2/2] STEP 20/28: RUN set -eux;     find /etc/php83 -type f -exec sed -i 's/\/etc\/php7/\/etc\/php83/g' {} +
+ find /etc/php83 -type f -exec sed -i 's/\/etc\/php7/\/etc\/php83/g' '{}' +
time="2026-03-15T11:10:52+05:00" level=warning msg="SHELL is not supported for OCI image format, [/bin/sh -o pipefail -c] will be ignored. Must use `docker` format"
--> 2d7aecbf9e7f
[2/2] STEP 21/28: COPY --from=builder /usr/share/zabbix/ /usr/share/zabbix/
time="2026-03-15T11:10:52+05:00" level=warning msg="SHELL is not supported for OCI image format, [/bin/sh -o pipefail -c] will be ignored. Must use `docker` format"
--> c3d6664771ad
[2/2] STEP 22/28: RUN set -eux;     ln -s "/etc/zabbix/web/zabbix.conf.php" "/usr/share/zabbix/conf/zabbix.conf.php" &&     ln -s "/etc/zabbix/web/maintenance.inc.php" "/usr/share/zabbix/conf/maintenance.inc.php" &&     chown --quiet -R zabbix:root /etc/zabbix/ /usr/share/zabbix/modules/ &&     chgrp -R 0 /etc/zabbix/ /usr/share/zabbix/modules/ &&     chmod -R g=u /etc/zabbix/ /usr/share/zabbix/modules/ &&     chown --quiet -R zabbix:root /etc/nginx/ /etc/php83/php-fpm.d/ /etc/php83/php-fpm.conf &&     chgrp -R 0 /etc/nginx/ /etc/php83/php-fpm.d/ /etc/php83/php-fpm.conf &&     chmod -R g=u /etc/nginx/ /etc/php83/php-fpm.d/ /etc/php83/php-fpm.conf &&     chown --quiet -R zabbix:root /var/lib/php/session/ /var/log/nginx/ /var/log/php83/ &&     chgrp -R 0 /var/lib/php/session/ /var/log/nginx/ /var/log/php83/ &&     chmod -R g=u /var/lib/php/session/ /var/log/nginx/ /var/log/php83/ &&     chown --quiet -R zabbix:root /usr/share/zabbix/include/defines.inc.php &&     chgrp -R 0 /usr/share/zabbix/include/defines.inc.php &&     chmod -R g=u /usr/share/zabbix/include/defines.inc.php
+ ln -s /etc/zabbix/web/zabbix.conf.php /usr/share/zabbix/conf/zabbix.conf.php
+ ln -s /etc/zabbix/web/maintenance.inc.php /usr/share/zabbix/conf/maintenance.inc.php
+ chown --quiet -R zabbix:root /etc/zabbix/ /usr/share/zabbix/modules/
+ chgrp -R 0 /etc/zabbix/ /usr/share/zabbix/modules/
+ chmod -R 'g=u' /etc/zabbix/ /usr/share/zabbix/modules/
+ chown --quiet -R zabbix:root /etc/nginx/ /etc/php83/php-fpm.d/ /etc/php83/php-fpm.conf
+ chgrp -R 0 /etc/nginx/ /etc/php83/php-fpm.d/ /etc/php83/php-fpm.conf
+ chmod -R 'g=u' /etc/nginx/ /etc/php83/php-fpm.d/ /etc/php83/php-fpm.conf
+ chown --quiet -R zabbix:root /var/lib/php/session/ /var/log/nginx/ /var/log/php83/
+ chgrp -R 0 /var/lib/php/session/ /var/log/nginx/ /var/log/php83/
+ chmod -R 'g=u' /var/lib/php/session/ /var/log/nginx/ /var/log/php83/
+ chown --quiet -R zabbix:root /usr/share/zabbix/include/defines.inc.php
+ chgrp -R 0 /usr/share/zabbix/include/defines.inc.php
+ chmod -R 'g=u' /usr/share/zabbix/include/defines.inc.php
time="2026-03-15T11:10:53+05:00" level=warning msg="SHELL is not supported for OCI image format, [/bin/sh -o pipefail -c] will be ignored. Must use `docker` format"
--> 64d14672547b
[2/2] STEP 23/28: HEALTHCHECK --interval=30s --timeout=10s --start-period=30s --retries=3     CMD curl -f http://localhost:8080/ || exit 1
time="2026-03-15T11:10:54+05:00" level=warning msg="SHELL is not supported for OCI image format, [/bin/sh -o pipefail -c] will be ignored. Must use `docker` format"
time="2026-03-15T11:10:54+05:00" level=warning msg="HEALTHCHECK is not supported for OCI image format and will be ignored. Must use `docker` format"
--> 57398ffd7c64
[2/2] STEP 24/28: EXPOSE 8080/TCP 8443/TCP
time="2026-03-15T11:10:54+05:00" level=warning msg="SHELL is not supported for OCI image format, [/bin/sh -o pipefail -c] will be ignored. Must use `docker` format"
time="2026-03-15T11:10:54+05:00" level=warning msg="HEALTHCHECK is not supported for OCI image format and will be ignored. Must use `docker` format"
--> 6235291ce380
[2/2] STEP 25/28: WORKDIR /usr/share/zabbix
time="2026-03-15T11:10:54+05:00" level=warning msg="SHELL is not supported for OCI image format, [/bin/sh -o pipefail -c] will be ignored. Must use `docker` format"
time="2026-03-15T11:10:54+05:00" level=warning msg="HEALTHCHECK is not supported for OCI image format and will be ignored. Must use `docker` format"
--> 84ed4d8d96cc
[2/2] STEP 26/28: COPY ["docker-entrypoint.sh", "/usr/bin/"]
time="2026-03-15T11:10:54+05:00" level=warning msg="SHELL is not supported for OCI image format, [/bin/sh -o pipefail -c] will be ignored. Must use `docker` format"
time="2026-03-15T11:10:54+05:00" level=warning msg="HEALTHCHECK is not supported for OCI image format and will be ignored. Must use `docker` format"
--> 55d583abd328
[2/2] STEP 27/28: USER 1997
time="2026-03-15T11:10:54+05:00" level=warning msg="SHELL is not supported for OCI image format, [/bin/sh -o pipefail -c] will be ignored. Must use `docker` format"
time="2026-03-15T11:10:54+05:00" level=warning msg="HEALTHCHECK is not supported for OCI image format and will be ignored. Must use `docker` format"
--> a3f34296c370
[2/2] STEP 28/28: ENTRYPOINT ["docker-entrypoint.sh"]
[2/2] COMMIT zabbix-web-nginx-pgsql:latest
time="2026-03-15T11:10:55+05:00" level=warning msg="SHELL is not supported for OCI image format, [/bin/sh -o pipefail -c] will be ignored. Must use `docker` format"
time="2026-03-15T11:10:55+05:00" level=warning msg="HEALTHCHECK is not supported for OCI image format and will be ignored. Must use `docker` format"
--> b04fffe0b4e3
Successfully tagged localhost/zabbix-web-nginx-pgsql:latest
b04fffe0b4e3b9bff916bccdf2d3cf21c697985fb46f2190ccc4579267966016
