
[0;35m══════════════════════════════════════[0m
[0;35mПОИСК DOCKERFILES[0m
[0;35m══════════════════════════════════════[0m

[0;34m[INFO][0m Анализ:  ([0;35m══════════════════════════════════════[0m)
[0;34m[INFO][0m   Base image: 
[0;34m[INFO][0m   Lines: 

[0;35m══════════════════════════════════════[0m
[0;35mАНАЛИЗ ЗАВИСИМОСТЕЙ[0m
[0;35m══════════════════════════════════════[0m

[0;34m[INFO][0m Сбор зависимостей для: 
[1;33m[!][0m : HEALTHCHECK отсутствует

[0;35m══════════════════════════════════════[0m
[0;35mСИМУЛЯЦИЯ ПРОЦЕССА СБОРКИ[0m
[0;35m══════════════════════════════════════[0m

[0;34m[INFO][0m ═══════════════════════════════════════
[0;34m[INFO][0m Сборка: 
[0;34m[INFO][0m ═══════════════════════════════════════
[0;34m[INFO][0m [STAGE 1/5] FROM: 
[0;32m[✓][0m ✓ Base image resolved
[0;34m[INFO][0m [STAGE 2/5] Установка зависимостей
[0;34m[INFO][0m [STAGE 3/5] Компиляция и сборка
[0;34m[INFO][0m [STAGE 4/5] Очистка
[0;34m[INFO][0m [STAGE 5/5] Финализация
[0;32m[✓][0m Build simulation complete for 

[0;35m══════════════════════════════════════[0m
[0;35mПРОВЕРКА ПОТЕНЦИАЛЬНЫХ ПРОБЛЕМ[0m
[0;35m══════════════════════════════════════[0m

[0;34m[INFO][0m : Single-stage build
[1;33m[!][0m : Нет USER directive (работает как root)
[1;33m[!][0m : Нет явного WORKDIR
[0;34m[INFO][0m : Directory size: 27M
[0;34m[INFO][0m Анализ:  ([0;35mПОИСК)
[0;34m[INFO][0m   Base image: 
[0;34m[INFO][0m   Lines: 

[0;35m══════════════════════════════════════[0m
[0;35mАНАЛИЗ ЗАВИСИМОСТЕЙ[0m
[0;35m══════════════════════════════════════[0m

[0;34m[INFO][0m Сбор зависимостей для: 
[1;33m[!][0m : HEALTHCHECK отсутствует

[0;35m══════════════════════════════════════[0m
[0;35mСИМУЛЯЦИЯ ПРОЦЕССА СБОРКИ[0m
[0;35m══════════════════════════════════════[0m

[0;34m[INFO][0m ═══════════════════════════════════════
[0;34m[INFO][0m Сборка: 
[0;34m[INFO][0m ═══════════════════════════════════════
[0;34m[INFO][0m [STAGE 1/5] FROM: 
[0;32m[✓][0m ✓ Base image resolved
[0;34m[INFO][0m [STAGE 2/5] Установка зависимостей
[0;34m[INFO][0m [STAGE 3/5] Компиляция и сборка
[0;34m[INFO][0m [STAGE 4/5] Очистка
[0;34m[INFO][0m [STAGE 5/5] Финализация
[0;32m[✓][0m Build simulation complete for 

[0;35m══════════════════════════════════════[0m
[0;35mПРОВЕРКА ПОТЕНЦИАЛЬНЫХ ПРОБЛЕМ[0m
[0;35m══════════════════════════════════════[0m

[0;34m[INFO][0m : Single-stage build
[1;33m[!][0m : Нет USER directive (работает как root)
[1;33m[!][0m : Нет явного WORKDIR
[0;34m[INFO][0m : Directory size: 27M
[0;34m[INFO][0m Анализ:  (DOCKERFILES[0m)
[0;34m[INFO][0m   Base image: 
[0;34m[INFO][0m   Lines: 

[0;35m══════════════════════════════════════[0m
[0;35mАНАЛИЗ ЗАВИСИМОСТЕЙ[0m
[0;35m══════════════════════════════════════[0m

[0;34m[INFO][0m Сбор зависимостей для: 
[1;33m[!][0m : HEALTHCHECK отсутствует

[0;35m══════════════════════════════════════[0m
[0;35mСИМУЛЯЦИЯ ПРОЦЕССА СБОРКИ[0m
[0;35m══════════════════════════════════════[0m

[0;34m[INFO][0m ═══════════════════════════════════════
[0;34m[INFO][0m Сборка: 
[0;34m[INFO][0m ═══════════════════════════════════════
[0;34m[INFO][0m [STAGE 1/5] FROM: 
[0;32m[✓][0m ✓ Base image resolved
[0;34m[INFO][0m [STAGE 2/5] Установка зависимостей
[0;34m[INFO][0m [STAGE 3/5] Компиляция и сборка
[0;34m[INFO][0m [STAGE 4/5] Очистка
[0;34m[INFO][0m [STAGE 5/5] Финализация
[0;32m[✓][0m Build simulation complete for 

[0;35m══════════════════════════════════════[0m
[0;35mПРОВЕРКА ПОТЕНЦИАЛЬНЫХ ПРОБЛЕМ[0m
[0;35m══════════════════════════════════════[0m

[0;34m[INFO][0m : Single-stage build
[1;33m[!][0m : Нет USER directive (работает как root)
[1;33m[!][0m : Нет явного WORKDIR
[0;34m[INFO][0m : Directory size: 27M
[0;34m[INFO][0m Анализ:  ([0;35m══════════════════════════════════════[0m)
[0;34m[INFO][0m   Base image: 
[0;34m[INFO][0m   Lines: 

[0;35m══════════════════════════════════════[0m
[0;35mАНАЛИЗ ЗАВИСИМОСТЕЙ[0m
[0;35m══════════════════════════════════════[0m

[0;34m[INFO][0m Сбор зависимостей для: 
[1;33m[!][0m : HEALTHCHECK отсутствует

[0;35m══════════════════════════════════════[0m
[0;35mСИМУЛЯЦИЯ ПРОЦЕССА СБОРКИ[0m
[0;35m══════════════════════════════════════[0m

[0;34m[INFO][0m ═══════════════════════════════════════
[0;34m[INFO][0m Сборка: 
[0;34m[INFO][0m ═══════════════════════════════════════
[0;34m[INFO][0m [STAGE 1/5] FROM: 
[0;32m[✓][0m ✓ Base image resolved
